{
  "RSpec": {
    "coverage": {
      "C:/Users/vitor/OneDrive/Documentos/Materias_UNB/Eng_soft/CAMAAR/camaar/app/helpers/application_helper.rb": {
        "lines": [
          1,
          null
        ]
      },
      "C:/Users/vitor/OneDrive/Documentos/Materias_UNB/Eng_soft/CAMAAR/camaar/app/helpers/pages_helper.rb": {
        "lines": [
          1,
          null
        ]
      },
      "C:/Users/vitor/OneDrive/Documentos/Materias_UNB/Eng_soft/CAMAAR/camaar/app/models/option.rb": {
        "lines": [
          1,
          1,
          null
        ]
      },
      "C:/Users/vitor/OneDrive/Documentos/Materias_UNB/Eng_soft/CAMAAR/camaar/app/models/application_record.rb": {
        "lines": [
          1,
          1,
          null
        ]
      },
      "C:/Users/vitor/OneDrive/Documentos/Materias_UNB/Eng_soft/CAMAAR/camaar/app/models/question.rb": {
        "lines": [
          1,
          1,
          1,
          1,
          null
        ]
      },
      "C:/Users/vitor/OneDrive/Documentos/Materias_UNB/Eng_soft/CAMAAR/camaar/app/models/user.rb": {
        "lines": [
          1,
          1,
          null,
          1,
          null,
          null
        ]
      },
      "C:/Users/vitor/OneDrive/Documentos/Materias_UNB/Eng_soft/CAMAAR/camaar/app/channels/application_cable/channel.rb": {
        "lines": [
          0,
          0,
          0,
          0
        ],
        "branches": {
        }
      },
      "C:/Users/vitor/OneDrive/Documentos/Materias_UNB/Eng_soft/CAMAAR/camaar/app/channels/application_cable/connection.rb": {
        "lines": [
          0,
          0,
          0,
          0
        ],
        "branches": {
        }
      },
      "C:/Users/vitor/OneDrive/Documentos/Materias_UNB/Eng_soft/CAMAAR/camaar/app/controllers/application_controller.rb": {
        "lines": [
          0,
          0
        ],
        "branches": {
        }
      },
      "C:/Users/vitor/OneDrive/Documentos/Materias_UNB/Eng_soft/CAMAAR/camaar/app/controllers/pages_controller.rb": {
        "lines": [
          0,
          0,
          null,
          0,
          null,
          0,
          null,
          0,
          null,
          0,
          0,
          0,
          null,
          0,
          null,
          0,
          0,
          null,
          0,
          0,
          0,
          0,
          0,
          null,
          0,
          0,
          null,
          0,
          0,
          0,
          0,
          0,
          0,
          0,
          0,
          0,
          0,
          0,
          0,
          null,
          null,
          0,
          null,
          0,
          null,
          0,
          0,
          0,
          0
        ],
        "branches": {
        }
      },
      "C:/Users/vitor/OneDrive/Documentos/Materias_UNB/Eng_soft/CAMAAR/camaar/app/controllers/questions_controller.rb": {
        "lines": [
          0,
          0,
          null,
          0,
          0,
          0,
          null,
          0,
          0,
          0,
          0,
          0,
          0,
          0,
          0,
          null,
          0,
          null,
          0,
          0,
          0,
          0
        ],
        "branches": {
        }
      },
      "C:/Users/vitor/OneDrive/Documentos/Materias_UNB/Eng_soft/CAMAAR/camaar/app/controllers/sessions_controller.rb": {
        "lines": [
          0,
          0,
          null,
          0,
          null,
          0,
          0,
          0,
          null,
          0,
          0,
          0,
          0,
          0,
          0,
          null,
          0,
          0,
          null,
          0,
          0,
          0,
          0,
          0,
          0,
          0,
          0,
          0,
          0,
          0,
          0,
          0,
          0,
          null,
          0,
          0,
          0,
          0,
          0,
          0,
          null,
          null
        ],
        "branches": {
        }
      },
      "C:/Users/vitor/OneDrive/Documentos/Materias_UNB/Eng_soft/CAMAAR/camaar/app/controllers/surveys_controller.rb": {
        "lines": [
          0,
          0,
          null,
          0,
          0,
          null,
          0,
          0,
          0,
          0,
          0,
          0,
          null,
          0,
          null,
          0,
          0,
          0,
          0
        ],
        "branches": {
        }
      },
      "C:/Users/vitor/OneDrive/Documentos/Materias_UNB/Eng_soft/CAMAAR/camaar/app/controllers/teste_controller.rb": {
        "lines": [
          0,
          0,
          0,
          0,
          null,
          0,
          null,
          0,
          0,
          0,
          0,
          0,
          0,
          0,
          null,
          0,
          0,
          0,
          0,
          null,
          0,
          null,
          0,
          0,
          0,
          0,
          0,
          0,
          0,
          0,
          0,
          0,
          0,
          0,
          0,
          0,
          0,
          null,
          null,
          0,
          null,
          null
        ],
        "branches": {
        }
      },
      "C:/Users/vitor/OneDrive/Documentos/Materias_UNB/Eng_soft/CAMAAR/camaar/app/controllers/users_controller.rb": {
        "lines": [
          0,
          0,
          0,
          0,
          0,
          0,
          null,
          null,
          0,
          0,
          0,
          0,
          0,
          0,
          null,
          0,
          0,
          0,
          null,
          0,
          0,
          null,
          0,
          0,
          0,
          0,
          0,
          0,
          0,
          0,
          0,
          0,
          0,
          0,
          null,
          0,
          null,
          0,
          0,
          0,
          0,
          null,
          null,
          0,
          null,
          null,
          0,
          0,
          0,
          null,
          0,
          0,
          0,
          0,
          0,
          0,
          0,
          0,
          0,
          0,
          0,
          0
        ],
        "branches": {
        }
      },
      "C:/Users/vitor/OneDrive/Documentos/Materias_UNB/Eng_soft/CAMAAR/camaar/app/jobs/application_job.rb": {
        "lines": [
          0,
          null,
          null,
          null,
          null,
          null,
          0
        ],
        "branches": {
        }
      },
      "C:/Users/vitor/OneDrive/Documentos/Materias_UNB/Eng_soft/CAMAAR/camaar/app/mailers/application_mailer.rb": {
        "lines": [
          0,
          0,
          0,
          0
        ],
        "branches": {
        }
      },
      "C:/Users/vitor/OneDrive/Documentos/Materias_UNB/Eng_soft/CAMAAR/camaar/app/models/survey.rb": {
        "lines": [
          0,
          0,
          0,
          0
        ],
        "branches": {
        }
      }
    },
    "timestamp": 1719861060
  }
}
